<?xml version="1.0" encoding="UTF-8" ?>
<testsuite tests="6" failures="1" name="TestSuite" time="4.41" errors="0" skipped="0">
  <properties>
[...]
</properties>
  <testcase classname="com.automation.AddRemoveElementTest" name="verifyAddRemoveElementTest" time="0.803"/>
  <testcase classname="com.automation.StandAloneTest" name="welcomeTextTest" time="0.082"/>
  <testcase classname="com.automation.StatusCodeTest" name="verifyStatusCode200" time="0.89"/>
  <testcase classname="com.automation.StatusCodeTest" name="verifyStatusCode301" time="0.859"/>
  <testcase classname="com.automation.StatusCodeTest" name="verifyStatusCode404" time="0.859"/>
  <testcase classname="com.automation.StatusCodeTest" name="verifyStatusCode500" time="0.917">
    <failure message="expected [true] but found [false]" type="java.lang.AssertionError">java.lang.AssertionError: expected [true] but found [false]
	at org.testng.Assert.fail(Assert.java:111)
	at org.testng.Assert.failNotEquals(Assert.java:1590)
	at org.testng.Assert.assertTrue(Assert.java:57)
	at org.testng.Assert.assertTrue(Assert.java:67)
	at com.x.webAutomation.scenarios.StatusCodeScenarios.statusCode500(StatusCodeScenarios.java:46)
	at com.automation.StatusCodeTest.verifyStatusCode500(StatusCodeTest.java:33)
</failure>
    <system-out>2025-05-17 18:47:01 INFO  [main] common.Listeners  (Listeners.java:53)  - ? Test Passed: verifyStatusCode404
In set driver method ChromeDriver: chrome on windows (7efd9c18a85c724f146b4b957c7ef558)
2025-05-17 18:47:06 INFO  [main] common.Listeners  (Listeners.java:47)  - Test Started: verifyStatusCode500
2025-05-17 18:47:06 INFO  [main] common.Listeners  (Listeners.java:74)  - --- Before Method: verifyStatusCode500 ---
2025-05-17 18:47:06 INFO  [main] utils.CommonUtilities (CommonUtilities.java:36)  - Clicked on element: Proxy element for: DefaultElementLocator &apos;By.xpath: //a[contains(text(),&apos;Status Codes&apos;)]&apos;
2025-05-17 18:47:06 INFO  [main] utils.CommonUtilities (CommonUtilities.java:36)  - Clicked on element: Proxy element for: DefaultElementLocator &apos;By.xpath: //a[text()=&apos;500&apos;]&apos;
2025-05-17 18:47:06 INFO  [main] controllers.SetUpTest (StatusCodeDAO.java:56)  - clicked on status 500
2025-05-17 18:47:06 INFO  [main] utils.CommonUtilities (CommonUtilities.java:55)  - Successfully captured text from logging text: This page returned a 500 status code.

For a definition and common list of HTTP status codes, go here
2025-05-17 18:47:06 INFO  [main] controllers.SetUpTest (StatusCodeDAO.java:60)  - This page returned a 500 status code.

For a definition and common list of HTTP status codes, go here
2025-05-17 18:47:06 INFO  [main] utils.CommonUtilities (CommonUtilities.java:55)  - Successfully captured text from Status returned from text: This page returned a 500 status code.

For a definition and common list of HTTP status codes, go here
2025-05-17 18:47:06 INFO  [main] common.Listeners  (Listeners.java:82)  - Thread id = 1
2025-05-17 18:47:06 INFO  [main] common.Listeners  (Listeners.java:83)  - Hashcode of webDriver instance = 64068997
</system-out>
  </testcase>
</testsuite>